[2025-10-07T22:13:25.903+0000] {taskinstance.py:1159} INFO - Dependencies all met for dep_context=non-requeueable deps ti=<TaskInstance: ingestion_to_landing.extract_and_load_to_minio manual__2025-10-07T22:07:40.875058+00:00 [queued]>
[2025-10-07T22:13:25.926+0000] {taskinstance.py:1159} INFO - Dependencies all met for dep_context=requeueable deps ti=<TaskInstance: ingestion_to_landing.extract_and_load_to_minio manual__2025-10-07T22:07:40.875058+00:00 [queued]>
[2025-10-07T22:13:25.927+0000] {taskinstance.py:1361} INFO - Starting attempt 2 of 2
[2025-10-07T22:13:25.976+0000] {taskinstance.py:1382} INFO - Executing <Task(DockerOperator): extract_and_load_to_minio> on 2025-10-07 22:07:40.875058+00:00
[2025-10-07T22:13:25.993+0000] {standard_task_runner.py:57} INFO - Started process 235 to run task
[2025-10-07T22:13:26.000+0000] {standard_task_runner.py:84} INFO - Running: ['***', 'tasks', 'run', 'ingestion_to_landing', 'extract_and_load_to_minio', 'manual__2025-10-07T22:07:40.875058+00:00', '--job-id', '19', '--raw', '--subdir', 'DAGS_FOLDER/ingestion_dag.py', '--cfg-path', '/tmp/tmpr4yn77pr']
[2025-10-07T22:13:26.021+0000] {standard_task_runner.py:85} INFO - Job 19: Subtask extract_and_load_to_minio
[2025-10-07T22:13:26.265+0000] {logging_mixin.py:151} WARNING - /home/***/.local/lib/python3.8/site-packages/***/settings.py:193 DeprecationWarning: The sql_alchemy_conn option in [core] has been moved to the sql_alchemy_conn option in [database] - the old setting has been used, but please update your config.
[2025-10-07T22:13:26.619+0000] {task_command.py:416} INFO - Running <TaskInstance: ingestion_to_landing.extract_and_load_to_minio manual__2025-10-07T22:07:40.875058+00:00 [running]> on host 85b29746ec89
[2025-10-07T22:13:27.176+0000] {taskinstance.py:1662} INFO - Exporting env vars: AIRFLOW_CTX_DAG_OWNER='***' AIRFLOW_CTX_DAG_ID='ingestion_to_landing' AIRFLOW_CTX_TASK_ID='extract_and_load_to_minio' AIRFLOW_CTX_EXECUTION_DATE='2025-10-07T22:07:40.875058+00:00' AIRFLOW_CTX_TRY_NUMBER='2' AIRFLOW_CTX_DAG_RUN_ID='manual__2025-10-07T22:07:40.875058+00:00'
[2025-10-07T22:13:27.279+0000] {docker.py:337} INFO - Starting docker container from image custom-***:2.7.2
[2025-10-07T22:13:27.301+0000] {docker.py:345} WARNING - Using remote engine or docker-in-docker and mounting temporary volume from host is not supported. Falling back to `mount_tmp_dir=False` mode. You can set `mount_tmp_dir` parameter to False to disable mounting and remove the warning
[2025-10-07T22:13:41.974+0000] {docker.py:406} INFO - 
[2025-10-07T22:13:42.348+0000] {docker.py:406} INFO - python: can't open file '/opt/***/scripts/extract_data.py': [Errno 2] No such file or directory
[2025-10-07T22:13:48.086+0000] {taskinstance.py:1937} ERROR - Task failed with exception
Traceback (most recent call last):
  File "/home/airflow/.local/lib/python3.8/site-packages/docker/api/client.py", line 268, in _raise_for_status
    response.raise_for_status()
  File "/home/airflow/.local/lib/python3.8/site-packages/requests/models.py", line 1021, in raise_for_status
    raise HTTPError(http_error_msg, response=self)
requests.exceptions.HTTPError: 400 Client Error: Bad Request for url: http+docker://localhost/v1.41/containers/create

The above exception was the direct cause of the following exception:

Traceback (most recent call last):
  File "/home/airflow/.local/lib/python3.8/site-packages/airflow/providers/docker/operators/docker.py", line 342, in _run_image
    return self._run_image_with_mounts([*self.mounts, tmp_mount], add_tmp_variable=True)
  File "/home/airflow/.local/lib/python3.8/site-packages/airflow/providers/docker/operators/docker.py", line 369, in _run_image_with_mounts
    self.container = self.cli.create_container(
  File "/home/airflow/.local/lib/python3.8/site-packages/docker/api/container.py", line 431, in create_container
    return self.create_container_from_config(config, name, platform)
  File "/home/airflow/.local/lib/python3.8/site-packages/docker/api/container.py", line 448, in create_container_from_config
    return self._result(res, True)
  File "/home/airflow/.local/lib/python3.8/site-packages/docker/api/client.py", line 274, in _result
    self._raise_for_status(response)
  File "/home/airflow/.local/lib/python3.8/site-packages/docker/api/client.py", line 270, in _raise_for_status
    raise create_api_error_from_http_exception(e) from e
  File "/home/airflow/.local/lib/python3.8/site-packages/docker/errors.py", line 39, in create_api_error_from_http_exception
    raise cls(e, response=response, explanation=explanation) from e
docker.errors.APIError: 400 Client Error for http+docker://localhost/v1.41/containers/create: Bad Request ("invalid mount config for type "bind": bind source path does not exist: /tmp/airflowtmpvr7y7fxl")

During handling of the above exception, another exception occurred:

Traceback (most recent call last):
  File "/home/airflow/.local/lib/python3.8/site-packages/airflow/providers/docker/operators/docker.py", line 479, in execute
    return self._run_image()
  File "/home/airflow/.local/lib/python3.8/site-packages/airflow/providers/docker/operators/docker.py", line 351, in _run_image
    return self._run_image_with_mounts(self.mounts, add_tmp_variable=False)
  File "/home/airflow/.local/lib/python3.8/site-packages/airflow/providers/docker/operators/docker.py", line 414, in _run_image_with_mounts
    raise DockerContainerFailedException(f"Docker container failed: {result!r}", logs=log_lines)
airflow.providers.docker.exceptions.DockerContainerFailedException: Docker container failed: {'Error': None, 'StatusCode': 2}
[2025-10-07T22:13:48.100+0000] {taskinstance.py:1400} INFO - Marking task as FAILED. dag_id=ingestion_to_landing, task_id=extract_and_load_to_minio, execution_date=20251007T220740, start_date=20251007T221325, end_date=20251007T221348
[2025-10-07T22:13:48.162+0000] {standard_task_runner.py:104} ERROR - Failed to execute job 19 for task extract_and_load_to_minio (Docker container failed: {'Error': None, 'StatusCode': 2}; 235)
[2025-10-07T22:13:48.185+0000] {local_task_job_runner.py:228} INFO - Task exited with return code 1
[2025-10-07T22:13:48.227+0000] {taskinstance.py:2778} INFO - 0 downstream tasks scheduled from follow-on schedule check
