[2025-11-10T21:37:46.499+0000] {taskinstance.py:1159} INFO - Dependencies all met for dep_context=non-requeueable deps ti=<TaskInstance: ingestion_to_landing.extract_and_load_to_minio scheduled__2025-11-09T21:27:16.947538+00:00 [queued]>
[2025-11-10T21:37:46.874+0000] {taskinstance.py:1159} INFO - Dependencies all met for dep_context=requeueable deps ti=<TaskInstance: ingestion_to_landing.extract_and_load_to_minio scheduled__2025-11-09T21:27:16.947538+00:00 [queued]>
[2025-11-10T21:37:46.875+0000] {taskinstance.py:1361} INFO - Starting attempt 2 of 2
[2025-11-10T21:37:47.152+0000] {taskinstance.py:1382} INFO - Executing <Task(DockerOperator): extract_and_load_to_minio> on 2025-11-09 21:27:16.947538+00:00
[2025-11-10T21:37:47.208+0000] {standard_task_runner.py:57} INFO - Started process 176 to run task
[2025-11-10T21:37:47.301+0000] {standard_task_runner.py:84} INFO - Running: ['***', 'tasks', 'run', 'ingestion_to_landing', 'extract_and_load_to_minio', 'scheduled__2025-11-09T21:27:16.947538+00:00', '--job-id', '85', '--raw', '--subdir', 'DAGS_FOLDER/ingestion_dag.py', '--cfg-path', '/tmp/tmp2kr1urx3']
[2025-11-10T21:37:47.394+0000] {standard_task_runner.py:85} INFO - Job 85: Subtask extract_and_load_to_minio
[2025-11-10T21:37:47.877+0000] {logging_mixin.py:151} WARNING - /home/***/.local/lib/python3.8/site-packages/***/settings.py:193 DeprecationWarning: The sql_alchemy_conn option in [core] has been moved to the sql_alchemy_conn option in [database] - the old setting has been used, but please update your config.
[2025-11-10T21:37:48.484+0000] {task_command.py:416} INFO - Running <TaskInstance: ingestion_to_landing.extract_and_load_to_minio scheduled__2025-11-09T21:27:16.947538+00:00 [running]> on host e39d39ea47f6
[2025-11-10T21:37:49.950+0000] {taskinstance.py:1662} INFO - Exporting env vars: AIRFLOW_CTX_DAG_OWNER='***' AIRFLOW_CTX_DAG_ID='ingestion_to_landing' AIRFLOW_CTX_TASK_ID='extract_and_load_to_minio' AIRFLOW_CTX_EXECUTION_DATE='2025-11-09T21:27:16.947538+00:00' AIRFLOW_CTX_TRY_NUMBER='2' AIRFLOW_CTX_DAG_RUN_ID='scheduled__2025-11-09T21:27:16.947538+00:00'
[2025-11-10T21:37:50.285+0000] {docker.py:337} INFO - Starting docker container from image custom-***:2.7.2
[2025-11-10T21:38:01.105+0000] {docker.py:406} INFO - The container is run as root user. For security, consider using a regular user account.
[2025-11-10T21:39:11.756+0000] {docker.py:406} INFO - 
[2025-11-10T21:39:17.487+0000] {docker.py:406} INFO - INFO:__main__:Iniciando a conex√£o com o MinIO em: minio:9000
[2025-11-10T21:39:17.561+0000] {docker.py:406} INFO - INFO:__main__:Dados simulados escritos temporariamente em /tmp/data.json
[2025-11-10T21:39:18.673+0000] {docker.py:406} INFO - INFO:__main__:Sucesso! Arquivo 'raw_products.json' carregado no bucket 'landing'.
[2025-11-10T21:40:22.288+0000] {taskinstance.py:1937} ERROR - Task failed with exception
Traceback (most recent call last):
  File "/home/airflow/.local/lib/python3.8/site-packages/urllib3/connectionpool.py", line 466, in _make_request
    six.raise_from(e, None)
  File "<string>", line 3, in raise_from
  File "/home/airflow/.local/lib/python3.8/site-packages/urllib3/connectionpool.py", line 461, in _make_request
    httplib_response = conn.getresponse()
  File "/usr/local/lib/python3.8/http/client.py", line 1348, in getresponse
    response.begin()
  File "/usr/local/lib/python3.8/http/client.py", line 316, in begin
    version, status, reason = self._read_status()
  File "/usr/local/lib/python3.8/http/client.py", line 277, in _read_status
    line = str(self.fp.readline(_MAXLINE + 1), "iso-8859-1")
  File "/usr/local/lib/python3.8/socket.py", line 669, in readinto
    return self._sock.recv_into(b)
socket.timeout: timed out

During handling of the above exception, another exception occurred:

Traceback (most recent call last):
  File "/home/airflow/.local/lib/python3.8/site-packages/requests/adapters.py", line 486, in send
    resp = conn.urlopen(
  File "/home/airflow/.local/lib/python3.8/site-packages/urllib3/connectionpool.py", line 798, in urlopen
    retries = retries.increment(
  File "/home/airflow/.local/lib/python3.8/site-packages/urllib3/util/retry.py", line 550, in increment
    raise six.reraise(type(error), error, _stacktrace)
  File "/home/airflow/.local/lib/python3.8/site-packages/urllib3/packages/six.py", line 770, in reraise
    raise value
  File "/home/airflow/.local/lib/python3.8/site-packages/urllib3/connectionpool.py", line 714, in urlopen
    httplib_response = self._make_request(
  File "/home/airflow/.local/lib/python3.8/site-packages/urllib3/connectionpool.py", line 468, in _make_request
    self._raise_timeout(err=e, url=url, timeout_value=read_timeout)
  File "/home/airflow/.local/lib/python3.8/site-packages/urllib3/connectionpool.py", line 357, in _raise_timeout
    raise ReadTimeoutError(
urllib3.exceptions.ReadTimeoutError: UnixHTTPConnectionPool(host='localhost', port=None): Read timed out. (read timeout=60)

During handling of the above exception, another exception occurred:

Traceback (most recent call last):
  File "/home/airflow/.local/lib/python3.8/site-packages/airflow/providers/docker/operators/docker.py", line 479, in execute
    return self._run_image()
  File "/home/airflow/.local/lib/python3.8/site-packages/airflow/providers/docker/operators/docker.py", line 354, in _run_image
    return self._run_image_with_mounts(self.mounts, add_tmp_variable=False)
  File "/home/airflow/.local/lib/python3.8/site-packages/airflow/providers/docker/operators/docker.py", line 432, in _run_image_with_mounts
    self.cli.remove_container(self.container["Id"])
  File "/home/airflow/.local/lib/python3.8/site-packages/docker/utils/decorators.py", line 19, in wrapped
    return f(self, resource_id, *args, **kwargs)
  File "/home/airflow/.local/lib/python3.8/site-packages/docker/api/container.py", line 1025, in remove_container
    res = self._delete(
  File "/home/airflow/.local/lib/python3.8/site-packages/docker/utils/decorators.py", line 46, in inner
    return f(self, *args, **kwargs)
  File "/home/airflow/.local/lib/python3.8/site-packages/docker/api/client.py", line 245, in _delete
    return self.delete(url, **self._set_request_timeout(kwargs))
  File "/home/airflow/.local/lib/python3.8/site-packages/requests/sessions.py", line 671, in delete
    return self.request("DELETE", url, **kwargs)
  File "/home/airflow/.local/lib/python3.8/site-packages/requests/sessions.py", line 589, in request
    resp = self.send(prep, **send_kwargs)
  File "/home/airflow/.local/lib/python3.8/site-packages/requests/sessions.py", line 703, in send
    r = adapter.send(request, **kwargs)
  File "/home/airflow/.local/lib/python3.8/site-packages/requests/adapters.py", line 532, in send
    raise ReadTimeout(e, request=request)
requests.exceptions.ReadTimeout: UnixHTTPConnectionPool(host='localhost', port=None): Read timed out. (read timeout=60)
[2025-11-10T21:40:24.335+0000] {taskinstance.py:1400} INFO - Marking task as FAILED. dag_id=ingestion_to_landing, task_id=extract_and_load_to_minio, execution_date=20251109T212716, start_date=20251110T213746, end_date=20251110T214024
[2025-11-10T21:40:26.274+0000] {standard_task_runner.py:104} ERROR - Failed to execute job 85 for task extract_and_load_to_minio (UnixHTTPConnectionPool(host='localhost', port=None): Read timed out. (read timeout=60); 176)
[2025-11-10T21:40:26.622+0000] {local_task_job_runner.py:228} INFO - Task exited with return code 1
[2025-11-10T21:40:28.502+0000] {taskinstance.py:2778} INFO - 0 downstream tasks scheduled from follow-on schedule check
